TN:
SF:backend/src/core/health-scoring.js
FN:7,(anonymous_0)
FN:26,(anonymous_1)
FN:35,(anonymous_2)
FN:55,(anonymous_3)
FN:130,(anonymous_4)
FN:184,(anonymous_5)
FN:236,(anonymous_6)
FN:277,(anonymous_7)
FN:298,(anonymous_8)
FN:310,(anonymous_9)
FN:314,(anonymous_10)
FN:317,(anonymous_11)
FN:329,(anonymous_12)
FN:334,(anonymous_13)
FN:343,(anonymous_14)
FN:383,(anonymous_15)
FN:394,(anonymous_16)
FN:416,(anonymous_17)
FN:446,(anonymous_18)
FN:457,(anonymous_19)
FN:463,(anonymous_20)
FN:512,(anonymous_21)
FN:529,(anonymous_22)
FN:536,(anonymous_23)
FN:545,(anonymous_24)
FN:564,(anonymous_25)
FN:605,(anonymous_26)
FN:642,(anonymous_27)
FN:650,(anonymous_28)
FN:660,(anonymous_29)
FN:687,(anonymous_30)
FN:699,(anonymous_31)
FN:702,(anonymous_32)
FNF:33
FNH:32
FNDA:27,(anonymous_0)
FNDA:10,(anonymous_1)
FNDA:40,(anonymous_2)
FNDA:14,(anonymous_3)
FNDA:14,(anonymous_4)
FNDA:10,(anonymous_5)
FNDA:10,(anonymous_6)
FNDA:44,(anonymous_7)
FNDA:13,(anonymous_8)
FNDA:11,(anonymous_9)
FNDA:17,(anonymous_10)
FNDA:17,(anonymous_11)
FNDA:11,(anonymous_12)
FNDA:17,(anonymous_13)
FNDA:10,(anonymous_14)
FNDA:10,(anonymous_15)
FNDA:1,(anonymous_16)
FNDA:10,(anonymous_17)
FNDA:15,(anonymous_18)
FNDA:12,(anonymous_19)
FNDA:18,(anonymous_20)
FNDA:12,(anonymous_21)
FNDA:7,(anonymous_22)
FNDA:4,(anonymous_23)
FNDA:7,(anonymous_24)
FNDA:0,(anonymous_25)
FNDA:27,(anonymous_26)
FNDA:82,(anonymous_27)
FNDA:4,(anonymous_28)
FNDA:12,(anonymous_29)
FNDA:7,(anonymous_30)
FNDA:38,(anonymous_31)
FNDA:38,(anonymous_32)
DA:8,27
DA:15,27
DA:27,10
DA:35,10
DA:36,40
DA:37,40
DA:40,10
DA:56,14
DA:57,14
DA:58,14
DA:61,14
DA:62,14
DA:67,14
DA:68,14
DA:69,6
DA:74,14
DA:75,13
DA:80,13
DA:81,13
DA:82,6
DA:91,14
DA:92,13
DA:97,13
DA:98,13
DA:99,5
DA:104,14
DA:105,0
DA:110,0
DA:111,0
DA:112,0
DA:120,14
DA:131,14
DA:132,14
DA:135,14
DA:136,13
DA:137,13
DA:138,13
DA:139,13
DA:140,5
DA:149,14
DA:150,11
DA:151,11
DA:152,11
DA:153,5
DA:162,14
DA:163,11
DA:164,11
DA:165,11
DA:166,5
DA:174,14
DA:185,10
DA:186,10
DA:192,10
DA:193,0
DA:194,0
DA:195,0
DA:196,0
DA:201,10
DA:202,0
DA:203,0
DA:204,0
DA:205,0
DA:214,10
DA:215,0
DA:216,0
DA:217,0
DA:218,0
DA:226,10
DA:237,10
DA:238,10
DA:241,10
DA:244,10
DA:245,10
DA:246,9
DA:250,10
DA:253,10
DA:254,10
DA:255,9
DA:259,10
DA:262,10
DA:263,10
DA:264,9
DA:267,10
DA:278,44
DA:279,20
DA:280,2
DA:284,18
DA:285,13
DA:289,5
DA:299,13
DA:300,10
DA:301,10
DA:302,5
DA:303,5
DA:304,5
DA:311,11
DA:313,11
DA:314,17
DA:316,11
DA:317,17
DA:320,11
DA:322,11
DA:323,11
DA:330,11
DA:331,11
DA:333,11
DA:334,17
DA:336,11
DA:337,11
DA:344,10
DA:345,10
DA:347,10
DA:348,9
DA:349,9
DA:352,10
DA:353,9
DA:354,9
DA:357,1
DA:358,1
DA:359,0
DA:360,0
DA:362,1
DA:363,0
DA:364,0
DA:366,1
DA:367,0
DA:368,0
DA:372,10
DA:373,0
DA:374,0
DA:377,10
DA:384,10
DA:385,10
DA:387,10
DA:388,9
DA:389,9
DA:392,10
DA:393,1
DA:394,1
DA:396,1
DA:397,0
DA:398,0
DA:402,10
DA:403,10
DA:404,10
DA:405,0
DA:406,0
DA:407,0
DA:410,10
DA:417,10
DA:418,10
DA:420,10
DA:421,9
DA:422,9
DA:425,10
DA:426,9
DA:427,9
DA:430,10
DA:431,9
DA:432,9
DA:435,10
DA:436,9
DA:437,9
DA:440,10
DA:447,15
DA:448,13
DA:449,8
DA:450,6
DA:451,1
DA:458,12
DA:459,12
DA:462,12
DA:463,7
DA:464,18
DA:466,7
DA:474,7
DA:476,6
DA:484,6
DA:486,5
DA:495,5
DA:497,0
DA:505,0
DA:511,12
DA:512,4
DA:513,12
DA:515,4
DA:516,4
DA:526,4
DA:528,4
DA:529,7
DA:531,4
DA:532,4
DA:536,4
DA:542,4
DA:544,4
DA:545,7
DA:547,4
DA:548,4
DA:557,4
DA:563,12
DA:564,0
DA:565,0
DA:567,0
DA:576,0
DA:578,0
DA:587,0
DA:589,0
DA:598,0
DA:604,12
DA:605,9
DA:606,27
DA:608,9
DA:616,9
DA:618,9
DA:626,9
DA:628,9
DA:636,9
DA:642,12
DA:643,82
DA:651,4
DA:652,1
DA:658,3
DA:660,12
DA:661,3
DA:663,3
DA:664,1
DA:669,2
DA:670,1
DA:676,1
DA:688,7
DA:689,7
DA:691,7
DA:699,38
DA:702,38
DA:716,2
LF:235
LH:196
BRDA:26,0,0,3
BRDA:36,1,0,40
BRDA:36,1,1,0
BRDA:56,2,0,14
BRDA:56,2,1,0
BRDA:61,3,0,14
BRDA:61,3,1,0
BRDA:68,4,0,6
BRDA:68,4,1,8
BRDA:74,5,0,13
BRDA:74,5,1,1
BRDA:81,6,0,6
BRDA:81,6,1,7
BRDA:91,7,0,13
BRDA:91,7,1,1
BRDA:98,8,0,5
BRDA:98,8,1,8
BRDA:104,9,0,0
BRDA:104,9,1,14
BRDA:111,10,0,0
BRDA:111,10,1,0
BRDA:135,11,0,13
BRDA:135,11,1,1
BRDA:139,12,0,5
BRDA:139,12,1,8
BRDA:149,13,0,11
BRDA:149,13,1,3
BRDA:152,14,0,5
BRDA:152,14,1,6
BRDA:162,15,0,11
BRDA:162,15,1,3
BRDA:165,16,0,5
BRDA:165,16,1,6
BRDA:192,17,0,0
BRDA:192,17,1,10
BRDA:193,18,0,0
BRDA:193,18,1,0
BRDA:195,19,0,0
BRDA:195,19,1,0
BRDA:201,20,0,0
BRDA:201,20,1,10
BRDA:202,21,0,0
BRDA:202,21,1,0
BRDA:204,22,0,0
BRDA:204,22,1,0
BRDA:214,23,0,0
BRDA:214,23,1,10
BRDA:215,24,0,0
BRDA:215,24,1,0
BRDA:217,25,0,0
BRDA:217,25,1,0
BRDA:245,26,0,9
BRDA:245,26,1,1
BRDA:254,27,0,9
BRDA:254,27,1,1
BRDA:263,28,0,9
BRDA:263,28,1,1
BRDA:278,29,0,24
BRDA:278,29,1,20
BRDA:279,30,0,2
BRDA:279,30,1,18
BRDA:284,31,0,13
BRDA:284,31,1,5
BRDA:299,32,0,3
BRDA:299,32,1,10
BRDA:300,33,0,0
BRDA:300,33,1,10
BRDA:301,34,0,5
BRDA:301,34,1,5
BRDA:302,35,0,0
BRDA:302,35,1,5
BRDA:303,36,0,0
BRDA:303,36,1,5
BRDA:311,37,0,0
BRDA:311,37,1,11
BRDA:311,38,0,11
BRDA:311,38,1,11
BRDA:320,39,0,0
BRDA:320,39,1,11
BRDA:331,40,0,0
BRDA:331,40,1,11
BRDA:343,41,0,8
BRDA:347,42,0,9
BRDA:347,42,1,1
BRDA:352,43,0,9
BRDA:352,43,1,1
BRDA:358,44,0,0
BRDA:358,44,1,1
BRDA:362,45,0,0
BRDA:362,45,1,1
BRDA:366,46,0,0
BRDA:366,46,1,1
BRDA:372,47,0,0
BRDA:372,47,1,10
BRDA:383,48,0,8
BRDA:387,49,0,9
BRDA:387,49,1,1
BRDA:392,50,0,1
BRDA:392,50,1,9
BRDA:396,51,0,0
BRDA:396,51,1,1
BRDA:402,52,0,10
BRDA:402,52,1,0
BRDA:402,53,0,10
BRDA:402,53,1,0
BRDA:405,54,0,0
BRDA:405,54,1,0
BRDA:416,55,0,9
BRDA:420,56,0,9
BRDA:420,56,1,1
BRDA:420,57,0,10
BRDA:420,57,1,1
BRDA:425,58,0,9
BRDA:425,58,1,1
BRDA:430,59,0,9
BRDA:430,59,1,1
BRDA:435,60,0,9
BRDA:435,60,1,1
BRDA:447,61,0,2
BRDA:447,61,1,13
BRDA:448,62,0,5
BRDA:448,62,1,8
BRDA:449,63,0,2
BRDA:449,63,1,6
BRDA:450,64,0,5
BRDA:450,64,1,1
BRDA:462,65,0,7
BRDA:462,65,1,5
BRDA:464,66,0,7
BRDA:464,66,1,6
BRDA:464,66,2,5
BRDA:464,66,3,0
BRDA:468,67,0,6
BRDA:468,67,1,1
BRDA:478,68,0,4
BRDA:478,68,1,2
BRDA:488,69,0,2
BRDA:488,69,1,3
BRDA:499,70,0,0
BRDA:499,70,1,0
BRDA:511,71,0,4
BRDA:511,71,1,8
BRDA:513,72,0,4
BRDA:513,72,1,4
BRDA:513,72,2,4
BRDA:515,73,0,4
BRDA:515,73,1,0
BRDA:529,74,0,7
BRDA:529,74,1,7
BRDA:531,75,0,4
BRDA:531,75,1,0
BRDA:547,76,0,4
BRDA:547,76,1,0
BRDA:563,77,0,0
BRDA:563,77,1,12
BRDA:565,78,0,0
BRDA:565,78,1,0
BRDA:565,78,2,0
BRDA:604,79,0,9
BRDA:604,79,1,3
BRDA:606,80,0,9
BRDA:606,80,1,9
BRDA:606,80,2,9
BRDA:650,81,0,0
BRDA:651,82,0,1
BRDA:651,82,1,3
BRDA:663,83,0,1
BRDA:663,83,1,2
BRDA:669,84,0,1
BRDA:669,84,1,1
BRDA:687,85,0,5
BRF:171
BRH:124
end_of_record
TN:
SF:backend/src/core/interfaces.js
FN:11,(anonymous_0)
FN:18,(anonymous_1)
FN:22,(anonymous_2)
FN:26,(anonymous_3)
FN:30,(anonymous_4)
FN:40,(anonymous_5)
FN:46,(anonymous_6)
FN:50,(anonymous_7)
FN:54,(anonymous_8)
FN:58,(anonymous_9)
FN:62,(anonymous_10)
FN:72,(anonymous_11)
FN:96,(anonymous_12)
FN:110,(anonymous_13)
FN:122,(anonymous_14)
FN:134,(anonymous_15)
FNF:16
FNH:0
FNDA:0,(anonymous_0)
FNDA:0,(anonymous_1)
FNDA:0,(anonymous_2)
FNDA:0,(anonymous_3)
FNDA:0,(anonymous_4)
FNDA:0,(anonymous_5)
FNDA:0,(anonymous_6)
FNDA:0,(anonymous_7)
FNDA:0,(anonymous_8)
FNDA:0,(anonymous_9)
FNDA:0,(anonymous_10)
FNDA:0,(anonymous_11)
FNDA:0,(anonymous_12)
FNDA:0,(anonymous_13)
FNDA:0,(anonymous_14)
FNDA:0,(anonymous_15)
DA:12,0
DA:13,0
DA:19,0
DA:23,0
DA:27,0
DA:31,0
DA:41,0
DA:42,0
DA:47,0
DA:51,0
DA:55,0
DA:59,0
DA:63,0
DA:73,0
DA:80,0
DA:85,0
DA:86,0
DA:87,0
DA:97,0
DA:98,0
DA:100,0
DA:102,0
DA:104,0
DA:106,0
DA:111,0
DA:112,0
DA:113,0
DA:114,0
DA:116,0
DA:123,0
DA:124,0
DA:125,0
DA:126,0
DA:128,0
DA:135,0
DA:136,0
DA:137,0
DA:140,0
DA:142,0
DA:149,2
LF:40
LH:1
BRDA:12,0,0,0
BRDA:12,0,1,0
BRDA:41,1,0,0
BRDA:41,1,1,0
BRDA:46,2,0,0
BRDA:62,3,0,0
BRDA:98,4,0,0
BRDA:98,4,1,0
BRDA:98,4,2,0
BRDA:98,4,3,0
BRF:10
BRH:0
end_of_record
TN:
SF:backend/src/core/validation-workflow.js
FN:9,(anonymous_0)
FN:18,(anonymous_1)
FN:137,(anonymous_2)
FN:190,(anonymous_3)
FN:236,(anonymous_4)
FN:259,(anonymous_5)
FN:304,(anonymous_6)
FN:309,(anonymous_7)
FN:310,(anonymous_8)
FN:351,(anonymous_9)
FN:362,(anonymous_10)
FN:388,(anonymous_11)
FN:403,(anonymous_12)
FN:433,(anonymous_13)
FN:471,(anonymous_14)
FN:483,(anonymous_15)
FN:510,(anonymous_16)
FN:514,(anonymous_17)
FN:516,(anonymous_18)
FN:519,(anonymous_19)
FN:526,(anonymous_20)
FN:558,(anonymous_21)
FN:570,(anonymous_22)
FN:585,(anonymous_23)
FN:603,(anonymous_24)
FN:644,(anonymous_25)
FN:648,(anonymous_26)
FN:652,(anonymous_27)
FN:656,(anonymous_28)
FN:662,(anonymous_29)
FN:664,(anonymous_30)
FN:665,(anonymous_31)
FN:667,(anonymous_32)
FN:669,(anonymous_33)
FN:674,(anonymous_34)
FN:714,(anonymous_35)
FN:715,(anonymous_36)
FN:724,(anonymous_37)
FN:725,(anonymous_38)
FN:728,(anonymous_39)
FN:731,(anonymous_40)
FN:733,(anonymous_41)
FNF:42
FNH:37
FNDA:42,(anonymous_0)
FNDA:42,(anonymous_1)
FNDA:7,(anonymous_2)
FNDA:47,(anonymous_3)
FNDA:7,(anonymous_4)
FNDA:10,(anonymous_5)
FNDA:6,(anonymous_6)
FNDA:7,(anonymous_7)
FNDA:7,(anonymous_8)
FNDA:5,(anonymous_9)
FNDA:4,(anonymous_10)
FNDA:8,(anonymous_11)
FNDA:15,(anonymous_12)
FNDA:7,(anonymous_13)
FNDA:5,(anonymous_14)
FNDA:3,(anonymous_15)
FNDA:5,(anonymous_16)
FNDA:7,(anonymous_17)
FNDA:7,(anonymous_18)
FNDA:7,(anonymous_19)
FNDA:2,(anonymous_20)
FNDA:3,(anonymous_21)
FNDA:3,(anonymous_22)
FNDA:3,(anonymous_23)
FNDA:3,(anonymous_24)
FNDA:10,(anonymous_25)
FNDA:24,(anonymous_26)
FNDA:12,(anonymous_27)
FNDA:36,(anonymous_28)
FNDA:9,(anonymous_29)
FNDA:56,(anonymous_30)
FNDA:56,(anonymous_31)
FNDA:56,(anonymous_32)
FNDA:56,(anonymous_33)
FNDA:56,(anonymous_34)
FNDA:1,(anonymous_35)
FNDA:12,(anonymous_36)
FNDA:0,(anonymous_37)
FNDA:0,(anonymous_38)
FNDA:0,(anonymous_39)
FNDA:0,(anonymous_40)
FNDA:0,(anonymous_41)
DA:6,2
DA:10,42
DA:11,42
DA:12,42
DA:13,42
DA:14,42
DA:15,42
DA:19,42
DA:138,7
DA:139,1
DA:142,6
DA:143,6
DA:145,6
DA:146,6
DA:147,6
DA:149,6
DA:153,6
DA:154,44
DA:157,6
DA:158,6
DA:160,6
DA:162,6
DA:166,6
DA:174,0
DA:175,0
DA:183,6
DA:191,47
DA:205,47
DA:206,47
DA:208,47
DA:210,46
DA:211,46
DA:212,46
DA:213,46
DA:214,46
DA:216,46
DA:217,6
DA:218,6
DA:221,1
DA:222,1
DA:223,1
DA:224,1
DA:227,47
DA:228,47
DA:230,47
DA:231,47
DA:237,7
DA:238,7
DA:239,7
DA:241,7
DA:242,4
DA:248,3
DA:260,10
DA:261,10
DA:263,10
DA:264,10
DA:267,10
DA:268,2
DA:270,10
DA:273,10
DA:274,3
DA:276,10
DA:279,10
DA:280,2
DA:282,10
DA:284,10
DA:285,5
DA:291,5
DA:305,6
DA:306,6
DA:308,6
DA:309,7
DA:310,7
DA:312,6
DA:319,6
DA:320,1
DA:331,5
DA:332,3
DA:338,2
DA:352,5
DA:353,5
DA:355,5
DA:361,5
DA:363,4
DA:368,5
DA:369,3
DA:375,2
DA:389,8
DA:390,1
DA:398,7
DA:400,7
DA:401,7
DA:403,15
DA:404,6
DA:406,6
DA:407,5
DA:413,1
DA:424,1
DA:434,7
DA:435,7
DA:437,7
DA:439,7
DA:440,2
DA:443,7
DA:444,3
DA:447,7
DA:448,0
DA:451,7
DA:452,4
DA:458,3
DA:472,5
DA:473,5
DA:475,5
DA:477,5
DA:478,1
DA:481,5
DA:482,3
DA:483,3
DA:485,3
DA:486,0
DA:490,5
DA:491,4
DA:497,1
DA:511,5
DA:512,5
DA:514,7
DA:515,5
DA:516,7
DA:518,5
DA:519,7
DA:522,5
DA:526,2
DA:529,5
DA:530,0
DA:538,5
DA:539,3
DA:545,2
DA:561,3
DA:572,3
DA:576,3
DA:586,3
DA:587,3
DA:589,3
DA:596,3
DA:604,3
DA:605,3
DA:607,3
DA:609,3
DA:610,1
DA:612,3
DA:613,1
DA:615,3
DA:616,1
DA:618,3
DA:619,1
DA:622,3
DA:623,2
DA:629,1
DA:645,10
DA:647,10
DA:648,24
DA:651,10
DA:652,12
DA:655,10
DA:656,36
DA:659,10
DA:663,9
DA:664,56
DA:665,56
DA:666,9
DA:667,56
DA:669,56
DA:671,9
DA:672,9
DA:674,9
DA:676,56
DA:677,34
DA:679,56
DA:680,56
DA:681,40
DA:683,16
DA:687,56
DA:688,26
DA:690,56
DA:691,56
DA:692,40
DA:694,16
DA:698,9
DA:699,9
DA:701,9
DA:715,12
DA:725,0
DA:729,0
DA:731,0
DA:732,0
DA:733,0
DA:734,0
DA:745,0
DA:749,2
LF:199
LH:187
BRDA:137,0,0,4
BRDA:138,1,0,1
BRDA:138,1,1,6
BRDA:190,2,0,3
BRDA:212,3,0,46
BRDA:212,3,1,2
BRDA:213,4,0,46
BRDA:213,4,1,35
BRDA:214,5,0,35
BRDA:214,5,1,11
BRDA:216,6,0,6
BRDA:216,6,1,40
BRDA:238,7,0,7
BRDA:238,7,1,1
BRDA:241,8,0,4
BRDA:241,8,1,3
BRDA:261,9,0,10
BRDA:261,9,1,1
BRDA:267,10,0,2
BRDA:267,10,1,8
BRDA:270,11,0,10
BRDA:270,11,1,1
BRDA:273,12,0,3
BRDA:273,12,1,7
BRDA:276,13,0,10
BRDA:276,13,1,1
BRDA:279,14,0,2
BRDA:279,14,1,8
BRDA:282,15,0,10
BRDA:282,15,1,1
BRDA:284,16,0,5
BRDA:284,16,1,5
BRDA:306,17,0,6
BRDA:306,17,1,0
BRDA:319,18,0,1
BRDA:319,18,1,5
BRDA:331,19,0,3
BRDA:331,19,1,2
BRDA:353,20,0,5
BRDA:353,20,1,1
BRDA:356,21,0,5
BRDA:356,21,1,1
BRDA:363,22,0,4
BRDA:363,22,1,3
BRDA:363,22,2,3
BRDA:368,23,0,3
BRDA:368,23,1,2
BRDA:371,24,0,3
BRDA:371,24,1,0
BRDA:389,25,0,1
BRDA:389,25,1,7
BRDA:406,26,0,5
BRDA:406,26,1,1
BRDA:439,27,0,2
BRDA:439,27,1,5
BRDA:443,28,0,3
BRDA:443,28,1,4
BRDA:447,29,0,0
BRDA:447,29,1,7
BRDA:451,30,0,4
BRDA:451,30,1,3
BRDA:477,31,0,1
BRDA:477,31,1,4
BRDA:481,32,0,3
BRDA:481,32,1,2
BRDA:485,33,0,0
BRDA:485,33,1,3
BRDA:490,34,0,4
BRDA:490,34,1,1
BRDA:512,35,0,5
BRDA:512,35,1,0
BRDA:529,36,0,0
BRDA:529,36,1,5
BRDA:538,37,0,3
BRDA:538,37,1,2
BRDA:587,38,0,3
BRDA:587,38,1,0
BRDA:590,39,0,3
BRDA:590,39,1,0
BRDA:591,40,0,3
BRDA:591,40,1,0
BRDA:592,41,0,3
BRDA:592,41,1,0
BRDA:609,42,0,1
BRDA:609,42,1,2
BRDA:609,43,0,3
BRDA:609,43,1,2
BRDA:612,44,0,1
BRDA:612,44,1,2
BRDA:615,45,0,1
BRDA:615,45,1,2
BRDA:618,46,0,1
BRDA:618,46,1,2
BRDA:622,47,0,2
BRDA:622,47,1,1
BRDA:647,48,0,2
BRDA:647,48,1,8
BRDA:647,49,0,10
BRDA:647,49,1,2
BRDA:651,50,0,1
BRDA:651,50,1,9
BRDA:651,51,0,10
BRDA:651,51,1,1
BRDA:655,52,0,3
BRDA:655,52,1,7
BRDA:655,53,0,10
BRDA:655,53,1,3
BRDA:676,54,0,34
BRDA:676,54,1,22
BRDA:680,55,0,40
BRDA:680,55,1,16
BRDA:687,56,0,26
BRDA:687,56,1,30
BRDA:691,57,0,40
BRDA:691,57,1,16
BRDA:698,58,0,9
BRDA:698,58,1,0
BRDA:699,59,0,9
BRDA:699,59,1,2
BRDA:732,60,0,0
BRDA:732,60,1,0
BRDA:732,61,0,0
BRDA:732,61,1,0
BRF:123
BRH:108
end_of_record
